# JRE version: OpenJDK Runtime Environment Temurin-17.0.11+9 (17.0.11+9) (build 17.0.11+9)
# Java VM: OpenJDK 64-Bit Server VM Temurin-17.0.11+9 (17.0.11+9, mixed mode, tiered, compressed oops, compressed class ptrs, parallel gc, windows-amd64)
GC Precious Log:
 CPUs: 8 total, 8 available
 Memory: 8063M
 Large Page Support: Disabled
 NUMA Support: Disabled
 Compressed Oops: Enabled (32-bit)
 Alignments: Space 512K, Generation 512K, Heap 2M
 Heap Min Capacity: 100M
 Heap Initial Capacity: 100M
 Heap Max Capacity: 1G
 Pre-touch: Disabled
 Parallel Workers: 8
Heap:
 PSYoungGen      total 20480K, used 2032K [0x00000000eab00000, 0x00000000ec880000, 0x0000000100000000)
  eden space 18432K, 0% used [0x00000000eab00000,0x00000000eab00028,0x00000000ebd00000)
  from space 2048K, 99% used [0x00000000ec180000,0x00000000ec37c010,0x00000000ec380000)
  to   space 4608K, 0% used [0x00000000ebd00000,0x00000000ebd00000,0x00000000ec180000)
 ParOldGen       total 68608K, used 42798K [0x00000000c0000000, 0x00000000c4300000, 0x00000000eab00000)
  object space 68608K, 62% used [0x00000000c0000000,0x00000000c29cbb98,0x00000000c4300000)
 Metaspace       used 67438K, committed 68544K, reserved 1114112K
  class space    used 7311K, committed 7808K, reserved 1048576K
GC Heap History (20 events):
Event: 25.464 GC heap before
{Heap before GC invocations=27 (full 2):
 PSYoungGen      total 23040K, used 22848K [0x00000000eab00000, 0x00000000ec400000, 0x0000000100000000)
  eden space 20992K, 100% used [0x00000000eab00000,0x00000000ebf80000,0x00000000ebf80000)
  from space 2048K, 90% used [0x00000000ec200000,0x00000000ec3d0000,0x00000000ec400000)
  to   space 2048K, 0% used [0x00000000ec000000,0x00000000ec000000,0x00000000ec200000)
 ParOldGen       total 68608K, used 32848K [0x00000000c0000000, 0x00000000c4300000, 0x00000000eab00000)
  object space 68608K, 47% used [0x00000000c0000000,0x00000000c2014178,0x00000000c4300000)
 Metaspace       used 58653K, committed 59648K, reserved 1114112K
  class space    used 6420K, committed 6848K, reserved 1048576K
}
Event: 25.471 GC heap after
{Heap after GC invocations=27 (full 2):
 PSYoungGen      total 23040K, used 2045K [0x00000000eab00000, 0x00000000ecb80000, 0x0000000100000000)
  eden space 20992K, 0% used [0x00000000eab00000,0x00000000eab00000,0x00000000ebf80000)
  from space 2048K, 99% used [0x00000000ec000000,0x00000000ec1ff6c0,0x00000000ec200000)
  to   space 6144K, 0% used [0x00000000ec580000,0x00000000ec580000,0x00000000ecb80000)
 ParOldGen       total 68608K, used 36142K [0x00000000c0000000, 0x00000000c4300000, 0x00000000eab00000)
  object space 68608K, 52% used [0x00000000c0000000,0x00000000c234bbb8,0x00000000c4300000)
 Metaspace       used 58653K, committed 59648K, reserved 1114112K
  class space    used 6420K, committed 6848K, reserved 1048576K
}
Event: 25.484 GC heap before
{Heap before GC invocations=28 (full 2):
 PSYoungGen      total 23040K, used 2950K [0x00000000eab00000, 0x00000000ecb80000, 0x0000000100000000)
  eden space 20992K, 4% used [0x00000000eab00000,0x00000000eabe24e0,0x00000000ebf80000)
  from space 2048K, 99% used [0x00000000ec000000,0x00000000ec1ff6c0,0x00000000ec200000)
  to   space 6144K, 0% used [0x00000000ec580000,0x00000000ec580000,0x00000000ecb80000)
 ParOldGen       total 68608K, used 36142K [0x00000000c0000000, 0x00000000c4300000, 0x00000000eab00000)
  object space 68608K, 52% used [0x00000000c0000000,0x00000000c234bbb8,0x00000000c4300000)
 Metaspace       used 58829K, committed 59776K, reserved 1114112K
  class space    used 6430K, committed 6848K, reserved 1048576K
}
Event: 25.488 GC heap after
{Heap after GC invocations=28 (full 2):
 PSYoungGen      total 21504K, used 128K [0x00000000eab00000, 0x00000000ec600000, 0x0000000100000000)
  eden space 20992K, 0% used [0x00000000eab00000,0x00000000eab00000,0x00000000ebf80000)
  from space 512K, 25% used [0x00000000ec580000,0x00000000ec5a0000,0x00000000ec600000)
  to   space 2048K, 0% used [0x00000000ec200000,0x00000000ec200000,0x00000000ec400000)
 ParOldGen       total 68608K, used 38172K [0x00000000c0000000, 0x00000000c4300000, 0x00000000eab00000)
  object space 68608K, 55% used [0x00000000c0000000,0x00000000c2547178,0x00000000c4300000)
 Metaspace       used 58829K, committed 59776K, reserved 1114112K
  class space    used 6430K, committed 6848K, reserved 1048576K
}
Event: 25.488 GC heap before
{Heap before GC invocations=29 (full 3):
 PSYoungGen      total 21504K, used 128K [0x00000000eab00000, 0x00000000ec600000, 0x0000000100000000)
  eden space 20992K, 0% used [0x00000000eab00000,0x00000000eab00000,0x00000000ebf80000)
  from space 512K, 25% used [0x00000000ec580000,0x00000000ec5a0000,0x00000000ec600000)
  to   space 2048K, 0% used [0x00000000ec200000,0x00000000ec200000,0x00000000ec400000)
 ParOldGen       total 68608K, used 38172K [0x00000000c0000000, 0x00000000c4300000, 0x00000000eab00000)
  object space 68608K, 55% used [0x00000000c0000000,0x00000000c2547178,0x00000000c4300000)
 Metaspace       used 58829K, committed 59776K, reserved 1114112K
  class space    used 6430K, committed 6848K, reserved 1048576K
}
Event: 25.571 GC heap after
{Heap after GC invocations=29 (full 3):
 PSYoungGen      total 21504K, used 0K [0x00000000eab00000, 0x00000000ec600000, 0x0000000100000000)
  eden space 20992K, 0% used [0x00000000eab00000,0x00000000eab00000,0x00000000ebf80000)
  from space 512K, 0% used [0x00000000ec580000,0x00000000ec580000,0x00000000ec600000)
  to   space 2048K, 0% used [0x00000000ec200000,0x00000000ec200000,0x00000000ec400000)
 ParOldGen       total 68608K, used 36075K [0x00000000c0000000, 0x00000000c4300000, 0x00000000eab00000)
  object space 68608K, 52% used [0x00000000c0000000,0x00000000c233ad20,0x00000000c4300000)
 Metaspace       used 58829K, committed 59776K, reserved 1114112K
  class space    used 6430K, committed 6848K, reserved 1048576K
}
Event: 26.300 GC heap before
{Heap before GC invocations=30 (full 3):
 PSYoungGen      total 21504K, used 20992K [0x00000000eab00000, 0x00000000ec600000, 0x0000000100000000)
  eden space 20992K, 100% used [0x00000000eab00000,0x00000000ebf80000,0x00000000ebf80000)
  from space 512K, 0% used [0x00000000ec580000,0x00000000ec580000,0x00000000ec600000)
  to   space 2048K, 0% used [0x00000000ec200000,0x00000000ec200000,0x00000000ec400000)
 ParOldGen       total 68608K, used 36075K [0x00000000c0000000, 0x00000000c4300000, 0x00000000eab00000)
  object space 68608K, 52% used [0x00000000c0000000,0x00000000c233ad20,0x00000000c4300000)
 Metaspace       used 59834K, committed 60864K, reserved 1114112K
  class space    used 6568K, committed 7040K, reserved 1048576K
}
Event: 26.302 GC heap after
{Heap after GC invocations=30 (full 3):
 PSYoungGen      total 23040K, used 1409K [0x00000000eab00000, 0x00000000ec600000, 0x0000000100000000)
  eden space 20992K, 0% used [0x00000000eab00000,0x00000000eab00000,0x00000000ebf80000)
  from space 2048K, 68% used [0x00000000ec200000,0x00000000ec360620,0x00000000ec400000)
  to   space 2048K, 0% used [0x00000000ec400000,0x00000000ec400000,0x00000000ec600000)
 ParOldGen       total 68608K, used 36083K [0x00000000c0000000, 0x00000000c4300000, 0x00000000eab00000)
  object space 68608K, 52% used [0x00000000c0000000,0x00000000c233cd20,0x00000000c4300000)
 Metaspace       used 59834K, committed 60864K, reserved 1114112K
  class space    used 6568K, committed 7040K, reserved 1048576K
}
Event: 26.694 GC heap before
{Heap before GC invocations=31 (full 3):
 PSYoungGen      total 23040K, used 22401K [0x00000000eab00000, 0x00000000ec600000, 0x0000000100000000)
  eden space 20992K, 100% used [0x00000000eab00000,0x00000000ebf80000,0x00000000ebf80000)
  from space 2048K, 68% used [0x00000000ec200000,0x00000000ec360620,0x00000000ec400000)
  to   space 2048K, 0% used [0x00000000ec400000,0x00000000ec400000,0x00000000ec600000)
 ParOldGen       total 68608K, used 36083K [0x00000000c0000000, 0x00000000c4300000, 0x00000000eab00000)
  object space 68608K, 52% used [0x00000000c0000000,0x00000000c233cd20,0x00000000c4300000)
 Metaspace       used 61023K, committed 62016K, reserved 1114112K
  class space    used 6655K, committed 7104K, reserved 1048576K
}
Event: 26.696 GC heap after
{Heap after GC invocations=31 (full 3):
 PSYoungGen      total 23040K, used 1655K [0x00000000eab00000, 0x00000000ec600000, 0x0000000100000000)
  eden space 20992K, 0% used [0x00000000eab00000,0x00000000eab00000,0x00000000ebf80000)
  from space 2048K, 80% used [0x00000000ec400000,0x00000000ec59dc48,0x00000000ec600000)
  to   space 2048K, 0% used [0x00000000ec200000,0x00000000ec200000,0x00000000ec400000)
 ParOldGen       total 68608K, used 37308K [0x00000000c0000000, 0x00000000c4300000, 0x00000000eab00000)
  object space 68608K, 54% used [0x00000000c0000000,0x00000000c246f330,0x00000000c4300000)
 Metaspace       used 61023K, committed 62016K, reserved 1114112K
  class space    used 6655K, committed 7104K, reserved 1048576K
}
Event: 26.817 GC heap before
{Heap before GC invocations=32 (full 3):
 PSYoungGen      total 23040K, used 22647K [0x00000000eab00000, 0x00000000ec600000, 0x0000000100000000)
  eden space 20992K, 100% used [0x00000000eab00000,0x00000000ebf80000,0x00000000ebf80000)
  from space 2048K, 80% used [0x00000000ec400000,0x00000000ec59dc48,0x00000000ec600000)
  to   space 2048K, 0% used [0x00000000ec200000,0x00000000ec200000,0x00000000ec400000)
 ParOldGen       total 68608K, used 37308K [0x00000000c0000000, 0x00000000c4300000, 0x00000000eab00000)
  object space 68608K, 54% used [0x00000000c0000000,0x00000000c246f330,0x00000000c4300000)
 Metaspace       used 61050K, committed 62016K, reserved 1114112K
  class space    used 6655K, committed 7104K, reserved 1048576K
}
Event: 26.818 GC heap after
{Heap after GC invocations=32 (full 3):
 PSYoungGen      total 22016K, used 744K [0x00000000eab00000, 0x00000000ec480000, 0x0000000100000000)
  eden space 20992K, 0% used [0x00000000eab00000,0x00000000eab00000,0x00000000ebf80000)
  from space 1024K, 72% used [0x00000000ec200000,0x00000000ec2ba3a8,0x00000000ec300000)
  to   space 1536K, 0% used [0x00000000ec300000,0x00000000ec300000,0x00000000ec480000)
 ParOldGen       total 68608K, used 38242K [0x00000000c0000000, 0x00000000c4300000, 0x00000000eab00000)
  object space 68608K, 55% used [0x00000000c0000000,0x00000000c2558bd0,0x00000000c4300000)
 Metaspace       used 61050K, committed 62016K, reserved 1114112K
  class space    used 6655K, committed 7104K, reserved 1048576K
}
Event: 27.803 GC heap before
{Heap before GC invocations=33 (full 3):
 PSYoungGen      total 22016K, used 21736K [0x00000000eab00000, 0x00000000ec480000, 0x0000000100000000)
  eden space 20992K, 99% used [0x00000000eab00000,0x00000000ebf7ffe0,0x00000000ebf80000)
  from space 1024K, 72% used [0x00000000ec200000,0x00000000ec2ba3a8,0x00000000ec300000)
  to   space 1536K, 0% used [0x00000000ec300000,0x00000000ec300000,0x00000000ec480000)
 ParOldGen       total 68608K, used 38242K [0x00000000c0000000, 0x00000000c4300000, 0x00000000eab00000)
  object space 68608K, 55% used [0x00000000c0000000,0x00000000c2558bd0,0x00000000c4300000)
 Metaspace       used 63232K, committed 64256K, reserved 1114112K
  class space    used 6868K, committed 7296K, reserved 1048576K
}
Event: 27.805 GC heap after
{Heap after GC invocations=33 (full 3):
 PSYoungGen      total 22528K, used 1197K [0x00000000eab00000, 0x00000000ec480000, 0x0000000100000000)
  eden space 20992K, 0% used [0x00000000eab00000,0x00000000eab00000,0x00000000ebf80000)
  from space 1536K, 77% used [0x00000000ec300000,0x00000000ec42b510,0x00000000ec480000)
  to   space 1536K, 0% used [0x00000000ec180000,0x00000000ec180000,0x00000000ec300000)
 ParOldGen       total 68608K, used 38274K [0x00000000c0000000, 0x00000000c4300000, 0x00000000eab00000)
  object space 68608K, 55% used [0x00000000c0000000,0x00000000c2560bd0,0x00000000c4300000)
 Metaspace       used 63232K, committed 64256K, reserved 1114112K
  class space    used 6868K, committed 7296K, reserved 1048576K
}
Event: 28.087 GC heap before
{Heap before GC invocations=34 (full 3):
 PSYoungGen      total 22528K, used 22189K [0x00000000eab00000, 0x00000000ec480000, 0x0000000100000000)
  eden space 20992K, 100% used [0x00000000eab00000,0x00000000ebf80000,0x00000000ebf80000)
  from space 1536K, 77% used [0x00000000ec300000,0x00000000ec42b510,0x00000000ec480000)
  to   space 1536K, 0% used [0x00000000ec180000,0x00000000ec180000,0x00000000ec300000)
 ParOldGen       total 68608K, used 38274K [0x00000000c0000000, 0x00000000c4300000, 0x00000000eab00000)
  object space 68608K, 55% used [0x00000000c0000000,0x00000000c2560bd0,0x00000000c4300000)
 Metaspace       used 64510K, committed 65536K, reserved 1114112K
  class space    used 7023K, committed 7488K, reserved 1048576K
}
Event: 28.090 GC heap after
{Heap after GC invocations=34 (full 3):
 PSYoungGen      total 22528K, used 1228K [0x00000000eab00000, 0x00000000ec380000, 0x0000000100000000)
  eden space 20992K, 0% used [0x00000000eab00000,0x00000000eab00000,0x00000000ebf80000)
  from space 1536K, 79% used [0x00000000ec180000,0x00000000ec2b3028,0x00000000ec300000)
  to   space 512K, 0% used [0x00000000ec300000,0x00000000ec300000,0x00000000ec380000)
 ParOldGen       total 68608K, used 39352K [0x00000000c0000000, 0x00000000c4300000, 0x00000000eab00000)
  object space 68608K, 57% used [0x00000000c0000000,0x00000000c266e370,0x00000000c4300000)
 Metaspace       used 64510K, committed 65536K, reserved 1114112K
  class space    used 7023K, committed 7488K, reserved 1048576K
}
Event: 28.368 GC heap before
{Heap before GC invocations=35 (full 3):
 PSYoungGen      total 22528K, used 22220K [0x00000000eab00000, 0x00000000ec380000, 0x0000000100000000)
  eden space 20992K, 100% used [0x00000000eab00000,0x00000000ebf80000,0x00000000ebf80000)
  from space 1536K, 79% used [0x00000000ec180000,0x00000000ec2b3028,0x00000000ec300000)
  to   space 512K, 0% used [0x00000000ec300000,0x00000000ec300000,0x00000000ec380000)
 ParOldGen       total 68608K, used 39352K [0x00000000c0000000, 0x00000000c4300000, 0x00000000eab00000)
  object space 68608K, 57% used [0x00000000c0000000,0x00000000c266e370,0x00000000c4300000)
 Metaspace       used 65374K, committed 66432K, reserved 1114112K
  class space    used 7090K, committed 7552K, reserved 1048576K
}
Event: 28.371 GC heap after
{Heap after GC invocations=35 (full 3):
 PSYoungGen      total 21504K, used 512K [0x00000000eab00000, 0x00000000ec380000, 0x0000000100000000)
  eden space 20992K, 0% used [0x00000000eab00000,0x00000000eab00000,0x00000000ebf80000)
  from space 512K, 100% used [0x00000000ec300000,0x00000000ec380000,0x00000000ec380000)
  to   space 2048K, 0% used [0x00000000ebf80000,0x00000000ebf80000,0x00000000ec180000)
 ParOldGen       total 68608K, used 40598K [0x00000000c0000000, 0x00000000c4300000, 0x00000000eab00000)
  object space 68608K, 59% used [0x00000000c0000000,0x00000000c27a5840,0x00000000c4300000)
 Metaspace       used 65374K, committed 66432K, reserved 1114112K
  class space    used 7090K, committed 7552K, reserved 1048576K
}
Event: 28.617 GC heap before
{Heap before GC invocations=36 (full 3):
 PSYoungGen      total 21504K, used 21504K [0x00000000eab00000, 0x00000000ec380000, 0x0000000100000000)
  eden space 20992K, 100% used [0x00000000eab00000,0x00000000ebf80000,0x00000000ebf80000)
  from space 512K, 100% used [0x00000000ec300000,0x00000000ec380000,0x00000000ec380000)
  to   space 2048K, 0% used [0x00000000ebf80000,0x00000000ebf80000,0x00000000ec180000)
 ParOldGen       total 68608K, used 40598K [0x00000000c0000000, 0x00000000c4300000, 0x00000000eab00000)
  object space 68608K, 59% used [0x00000000c0000000,0x00000000c27a5840,0x00000000c4300000)
 Metaspace       used 66149K, committed 67200K, reserved 1114112K
  class space    used 7173K, committed 7616K, reserved 1048576K
}
Event: 28.620 GC heap after
{Heap after GC invocations=36 (full 3):
 PSYoungGen      total 23040K, used 1456K [0x00000000eab00000, 0x00000000ec380000, 0x0000000100000000)
  eden space 20992K, 0% used [0x00000000eab00000,0x00000000eab00000,0x00000000ebf80000)
  from space 2048K, 71% used [0x00000000ebf80000,0x00000000ec0ec010,0x00000000ec180000)
  to   space 2048K, 0% used [0x00000000ec180000,0x00000000ec180000,0x00000000ec380000)
 ParOldGen       total 68608K, used 41116K [0x00000000c0000000, 0x00000000c4300000, 0x00000000eab00000)
  object space 68608K, 59% used [0x00000000c0000000,0x00000000c2827178,0x00000000c4300000)
 Metaspace       used 66149K, committed 67200K, reserved 1114112K
  class space    used 7173K, committed 7616K, reserved 1048576K
}

